-------------------------------------------------------------------------------
Test set: selenium.ExampleSeleniumTest
-------------------------------------------------------------------------------
Tests run: 29, Failures: 1, Errors: 0, Skipped: 0, Time elapsed: 138.314 s <<< FAILURE! - in selenium.ExampleSeleniumTest
TC6_1  Time elapsed: 4.294 s  <<< FAILURE!
org.opentest4j.AssertionFailedError: expected: <1> but was: <2>
	at selenium.ExampleSeleniumTest.TC6_1(ExampleSeleniumTest.java:620)

